<?xml version="1.0" encoding="UTF-8"?>
<robot generator="Robot 3.1.2 (Python 3.7.4 on darwin)" generated="20191226 12:01:40.388" rpa="false">
<suite id="s1" name="Tests" source="/Users/maulik/Desktop/QAS Projects/TestRobot/tests">
<suite id="s1-s1" name="Mobileweb" source="/Users/maulik/Desktop/QAS Projects/TestRobot/tests/mobileweb">
<suite id="s1-s1-s1" name="Test" source="/Users/maulik/Desktop/QAS Projects/TestRobot/tests/mobileweb/Test">
<suite id="s1-s1-s1-s1" name="TestMobileqweb" source="/Users/maulik/Desktop/QAS Projects/TestRobot/tests/mobileweb/Test/TestMobileqweb.robot">
<test id="s1-s1-s1-s1-t1" name="testMobileqweb">
<kw name="Open Application" library="step_definitions" type="setup">
<kw name="Get Chrome Mobile Options" library="util">
<assign>
<var>${options}</var>
</assign>
<msg timestamp="20191226 12:01:40.646" level="INFO">${options} = &lt;selenium.webdriver.chrome.options.Options object at 0x107ccfad0&gt;</msg>
<status status="PASS" starttime="20191226 12:01:40.646" endtime="20191226 12:01:40.646"></status>
</kw>
<kw name="Create Webdriver" library="SeleniumLibrary">
<doc>Creates an instance of Selenium WebDriver.</doc>
<arguments>
<arg>Chrome</arg>
<arg>chrome_options=${options}</arg>
</arguments>
<msg timestamp="20191226 12:01:40.647" level="INFO">Creating an instance of the Chrome WebDriver.</msg>
<status status="PASS" starttime="20191226 12:01:40.646" endtime="20191226 12:01:43.049"></status>
</kw>
<status status="PASS" starttime="20191226 12:01:40.645" endtime="20191226 12:01:43.050"></status>
</kw>
<kw name="Go To" library="SeleniumLibrary">
<doc>Navigates the active browser instance to the provided ``url``.</doc>
<arguments>
<arg>http://www.google.com</arg>
</arguments>
<msg timestamp="20191226 12:01:43.051" level="INFO">Opening url 'http://www.google.com'</msg>
<status status="PASS" starttime="20191226 12:01:43.051" endtime="20191226 12:01:44.376"></status>
</kw>
<kw name="Clear Element Text" library="SeleniumLibrary">
<doc>Clears the value of text entry element identified by ``locator``.</doc>
<arguments>
<arg>name=q</arg>
</arguments>
<status status="PASS" starttime="20191226 12:01:44.376" endtime="20191226 12:01:44.416"></status>
</kw>
<kw name="Input Text" library="SeleniumLibrary">
<doc>Types the given ``text`` into text field identified by ``locator``.</doc>
<arguments>
<arg>name=q</arg>
<arg>hello</arg>
</arguments>
<msg timestamp="20191226 12:01:44.416" level="INFO">Typing text 'hello' into text field 'name=q'.</msg>
<status status="PASS" starttime="20191226 12:01:44.416" endtime="20191226 12:01:45.106"></status>
</kw>
<kw name="Submit Form" library="SeleniumLibrary">
<doc>Submits a form identified by ``locator``.</doc>
<arguments>
<arg>id=tsf</arg>
</arguments>
<msg timestamp="20191226 12:01:45.107" level="INFO">Submitting form 'id=tsf'.</msg>
<status status="PASS" starttime="20191226 12:01:45.106" endtime="20191226 12:01:47.096"></status>
</kw>
<kw name="Click Element" library="SeleniumLibrary">
<doc>Click element identified by ``locator``.</doc>
<arguments>
<arg>xpath=//a[contains(text(),'News')]</arg>
</arguments>
<msg timestamp="20191226 12:01:47.097" level="INFO">Clicking element 'xpath=//a[contains(text(),'News')]'.</msg>
<status status="PASS" starttime="20191226 12:01:47.096" endtime="20191226 12:01:48.547"></status>
</kw>
<kw name="Close Application" library="step_definitions" type="teardown">
<kw name="Close Browser" library="SeleniumLibrary">
<doc>Closes the current browser.</doc>
<status status="PASS" starttime="20191226 12:01:48.548" endtime="20191226 12:01:48.748"></status>
</kw>
<status status="PASS" starttime="20191226 12:01:48.547" endtime="20191226 12:01:48.748"></status>
</kw>
<status status="PASS" starttime="20191226 12:01:40.645" endtime="20191226 12:01:48.749" critical="yes"></status>
</test>
<status status="PASS" starttime="20191226 12:01:40.421" endtime="20191226 12:01:48.750"></status>
</suite>
<status status="PASS" starttime="20191226 12:01:40.419" endtime="20191226 12:01:48.754"></status>
</suite>
<status status="PASS" starttime="20191226 12:01:40.417" endtime="20191226 12:01:48.756"></status>
</suite>
<suite id="s1-s2" name="Web" source="/Users/maulik/Desktop/QAS Projects/TestRobot/tests/web">
<suite id="s1-s2-s1" name="Test" source="/Users/maulik/Desktop/QAS Projects/TestRobot/tests/web/Test">
<suite id="s1-s2-s1-s1" name="Testweb" source="/Users/maulik/Desktop/QAS Projects/TestRobot/tests/web/Test/Testweb.robot">
<test id="s1-s2-s1-s1-t1" name="testweb">
<kw name="Open Application" library="step_definitions" type="setup">
<kw name="Open Browser" library="SeleniumLibrary">
<doc>Opens a new browser instance to the given ``url``.</doc>
<arguments>
<arg>${URL}</arg>
<arg>${BROWSER}</arg>
</arguments>
<msg timestamp="20191226 12:01:48.778" level="INFO">Opening browser 'Chrome' to base url 'http://www.google.com'.</msg>
<status status="PASS" starttime="20191226 12:01:48.778" endtime="20191226 12:01:53.088"></status>
</kw>
<status status="PASS" starttime="20191226 12:01:48.777" endtime="20191226 12:01:53.089"></status>
</kw>
<kw name="Go To" library="SeleniumLibrary">
<doc>Navigates the active browser instance to the provided ``url``.</doc>
<arguments>
<arg>http://www.google.com</arg>
</arguments>
<msg timestamp="20191226 12:01:53.090" level="INFO">Opening url 'http://www.google.com'</msg>
<status status="PASS" starttime="20191226 12:01:53.090" endtime="20191226 12:01:54.486"></status>
</kw>
<kw name="Clear Element Text" library="SeleniumLibrary">
<doc>Clears the value of text entry element identified by ``locator``.</doc>
<arguments>
<arg>name=q</arg>
</arguments>
<status status="PASS" starttime="20191226 12:01:54.486" endtime="20191226 12:01:54.521"></status>
</kw>
<kw name="Input Text" library="SeleniumLibrary">
<doc>Types the given ``text`` into text field identified by ``locator``.</doc>
<arguments>
<arg>name=q</arg>
<arg>hello</arg>
</arguments>
<msg timestamp="20191226 12:01:54.521" level="INFO">Typing text 'hello' into text field 'name=q'.</msg>
<status status="PASS" starttime="20191226 12:01:54.521" endtime="20191226 12:01:54.633"></status>
</kw>
<kw name="Submit Form" library="SeleniumLibrary">
<doc>Submits a form identified by ``locator``.</doc>
<arguments>
<arg>id=tsf</arg>
</arguments>
<msg timestamp="20191226 12:01:54.634" level="INFO">Submitting form 'id=tsf'.</msg>
<status status="PASS" starttime="20191226 12:01:54.634" endtime="20191226 12:01:56.198"></status>
</kw>
<kw name="Click Element" library="SeleniumLibrary">
<doc>Click element identified by ``locator``.</doc>
<arguments>
<arg>xpath=//a[contains(text(),'News')]</arg>
</arguments>
<msg timestamp="20191226 12:01:56.199" level="INFO">Clicking element 'xpath=//a[contains(text(),'News')]'.</msg>
<status status="PASS" starttime="20191226 12:01:56.198" endtime="20191226 12:01:56.904"></status>
</kw>
<kw name="Close Application" library="step_definitions" type="teardown">
<kw name="Close Browser" library="SeleniumLibrary">
<doc>Closes the current browser.</doc>
<status status="PASS" starttime="20191226 12:01:56.905" endtime="20191226 12:01:57.056"></status>
</kw>
<status status="PASS" starttime="20191226 12:01:56.905" endtime="20191226 12:01:57.057"></status>
</kw>
<status status="PASS" starttime="20191226 12:01:48.776" endtime="20191226 12:01:57.057" critical="yes"></status>
</test>
<status status="PASS" starttime="20191226 12:01:48.765" endtime="20191226 12:01:57.058"></status>
</suite>
<status status="PASS" starttime="20191226 12:01:48.762" endtime="20191226 12:01:57.061"></status>
</suite>
<status status="PASS" starttime="20191226 12:01:48.757" endtime="20191226 12:01:57.064"></status>
</suite>
<status status="PASS" starttime="20191226 12:01:40.389" endtime="20191226 12:01:57.066"></status>
</suite>
<statistics>
<total>
<stat pass="2" fail="0">Critical Tests</stat>
<stat pass="2" fail="0">All Tests</stat>
</total>
<tag>
</tag>
<suite>
<stat pass="2" fail="0" id="s1" name="Tests">Tests</stat>
<stat pass="1" fail="0" id="s1-s1" name="Mobileweb">Tests.Mobileweb</stat>
<stat pass="1" fail="0" id="s1-s1-s1" name="Test">Tests.Mobileweb.Test</stat>
<stat pass="1" fail="0" id="s1-s1-s1-s1" name="TestMobileqweb">Tests.Mobileweb.Test.TestMobileqweb</stat>
<stat pass="1" fail="0" id="s1-s2" name="Web">Tests.Web</stat>
<stat pass="1" fail="0" id="s1-s2-s1" name="Test">Tests.Web.Test</stat>
<stat pass="1" fail="0" id="s1-s2-s1-s1" name="Testweb">Tests.Web.Test.Testweb</stat>
</suite>
</statistics>
<errors>
</errors>
</robot>
